
P A U P *
Version 4.0a (build 159) for Unix/Linux (built on Nov 17 2017 at 11:35:17)
Tue Jan 30 10:34:25 2018

        -----------------------------NOTICE-----------------------------
          This is an alpha-test version that is still changing rapidly.
          It will expire on 1 Apr 2018.
        
          Please report bugs to dave@phylosolutions.com
        ----------------------------------------------------------------


paup> outgroup 1-2; set outroot=mono;

Outgroup status changed:
  2 taxa transferred to outgroup
  Total number of taxa now in outgroup = 2
  Number of ingroup taxa = 18

paup> bootstrap nreps=200 treefile=boot.tre search=heuristic/start=stepwise addseq=random nreps=10 swap=TBR;

Bootstrap method with heuristic search:
  Number of bootstrap replicates = 200
  Starting seed = generated automatically
  Number of characters resampled in each replicate = 382
  Optimality criterion = parsimony
    Character-status summary:
      Of 382 total characters:
        All characters are of type 'unord'
        All characters have equal weight
        198 characters are constant
        61 variable characters are parsimony-uninformative
        Number of parsimony-informative characters = 123
    Gaps are treated as "missing"
  Starting tree(s) obtained via stepwise addition
    Addition sequence: random
    Number of replicates = 10
    Starting seed = generated automatically
    Number of trees held at each step = 1
  Branch-swapping algorithm: tree-bisection-reconnection (TBR) with reconnection limit = 8
    Steepest descent option not in effect
  Initial 'Maxtrees' setting = 100
  Branches collapsed (creating polytomies) if maximum branch length is zero
  'MulTrees' option in effect
  No topological constraints in effect
  Trees are unrooted

  200 bootstrap replicates completed
  Time used = 11.53 sec (CPU time = 11.52 sec)

Trees for each replicate written to treefile: ~/EEOB563/eeob563/boot.tre

Bootstrap 50% majority-rule consensus tree

                                                        /---------------------------- Platypus(1)
/-------------------------------------------------------+
|                                                       \---------------------------- Echidna(2)
|
|                                                       /---------------------------- Opossum(3)
|                                                       |
|                           /------------98-------------+---------------------------- Wallaby(4)
|                           |                           |
100                         |                           \---------------------------- Bandicoot(5)
|                           |
|                           |                           /---------------------------- Elephant(6)
|                           |                           |
|                           |                           +---------------------------- Aardvark(7)
|                           |                           |
|                           |                           +---------------------------- Tenrec(8)
\---------------------------+                           |
                            |                           +---------------------------- Sloth(9)
                            |                           |
                            |                           +---------------------------- Armadillo(10)
                            |                           |
                            |                           +---------------------------- Human(11)
                            |                           |
                            |                           +---------------------------- Tree shrew(12)
                            |                           |
                            \------------54-------------+---------------------------- Rabbit(13)
                                                        |
                                                        +---------------------------- Mouse(14)
                                                        |
                                                        +---------------------------- Hedgehog(15)
                                                        |
                                                        +---------------------------- Flying fox(16)
                                                        |
                                                        +---------------------------- Cat(17)
                                                        |
                                                        +---------------------------- Dog(18)
                                                        |
                                                        +---------------------------- Pig(19)
                                                        |
                                                        \---------------------------- Whale(20)

Bipartitions found in one or more trees and frequency of occurrence (bootstrap support values):

         1         2
12345678901234567890          Freq        %
-------------------------------------------
..******************        200.00  100.00%
..***...............        195.30   97.65%
.....***************        107.80   53.90%
...**...............         99.11   49.55%
..**................         87.69   43.85%
...............*..**         75.83   37.91%
.......*.*..........         75.77   37.88%
...............*..*.         75.18   37.59%
................**..         71.08   35.54%
..................**         70.04   35.02%
.....*..*.*.........         60.93   30.47%
.....*..*...........         51.52   25.76%
.....********.******         41.80   20.90%
........*.*.........         41.48   20.74%
........**..........         39.88   19.94%
.....*....*.........         39.26   19.63%
........*...*.......         37.30   18.65%
.....*..........*...         33.14   16.57%
........**..*.......         32.37   16.18%
..........*......*..         30.97   15.49%
.....**.........*...         28.73   14.37%
.....**.*.*.........         26.43   13.21%
...........**.......         25.68   12.84%
..*****.************         23.54   11.77%
.....**.************         22.75   11.38%
.............**.....         22.38   11.19%
.......*.*....*.....         21.94   10.97%
.....**...*.....**..         20.23   10.12%
...........*..*.....         20.22   10.11%
...........*...*..*.         17.16    8.58%
.....*........*.....         15.56    7.78%
.............*..**..         15.56    7.78%
.....**.............         15.53    7.76%
..*****************.         15.18    7.59%
.....**...*.........         14.90    7.45%
............*...*...         14.53    7.27%
..****.*************         14.14    7.07%
.......***..........         14.01    7.01%
...........*...*..**         13.81    6.90%
.........*..*.......         13.47    6.74%
..***........*......         12.18    6.09%
.....*....*...*.....         11.92    5.96%
.......*......*.....         11.81    5.90%
.......***..*.......         11.73    5.86%
.....**.*****.******         11.37    5.69%
.......*.*...**.....         10.19    5.10%

1124 groups at (relative) frequency less than 5% not shown

paup> savetrees file=bootMajRule.tree from=1 to=1 savebootp=nodelabels;

1 tree saved to file "~/EEOB563/eeob563/bootMajRule.tree"

paup> savebootp=nodelabels

Error(#152): Command "savebootp=nodelabels" is unrecognized.
                 If it is spelled correctly, look for problems in a previous command, such as an
                 unintentional semicolon.

paup> gettrees file=boot.tre StoreTreeWts=yes mode=3;

Processing TREES block from file: ~/EEOB563/eeob563/boot.tre
  Keeping: trees from file (replacing any trees already in memory)

The limit of 100 trees (= 'Maxtrees') has been reached.  Do you want to increase Maxtrees?

Do you want to increase 'Maxtrees'? (Y/n)y

Enter new value for 'Maxtrees' (200):

Action if limit is hit:
   (1) Prompt for new value
   (2) Automatically increase by 100 (= AUTOINC)
   (3) Leave unchanged, and don't prompt
(1)>2

  546 trees read from file

  Time used = 18.30 sec (CPU time = 0.01 sec)

paup> contree all/strict=no majrule=yes usetreewts=yes treefile=bootMajRule.tre;

50% Majority-rule consensus of 546 trees (using tree weights, sum = 200)

                                                        /---------------------------- Platypus(1)
/-------------------------------------------------------+
|                                                       \---------------------------- Echidna(2)
|
|                                                       /---------------------------- Opossum(3)
|                                                       |
|                           /------------98-------------+---------------------------- Wallaby(4)
|                           |                           |
100                         |                           \---------------------------- Bandicoot(5)
|                           |
|                           |                           /---------------------------- Elephant(6)
|                           |                           |
|                           |                           +---------------------------- Aardvark(7)
|                           |                           |
|                           |                           +---------------------------- Tenrec(8)
\---------------------------+                           |
                            |                           +---------------------------- Sloth(9)
                            |                           |
                            |                           +---------------------------- Armadillo(10)
                            |                           |
                            |                           +---------------------------- Human(11)
                            |                           |
                            |                           +---------------------------- Tree shrew(12)
                            |                           |
                            \------------54-------------+---------------------------- Rabbit(13)
                                                        |
                                                        +---------------------------- Mouse(14)
                                                        |
                                                        +---------------------------- Hedgehog(15)
                                                        |
                                                        +---------------------------- Flying fox(16)
                                                        |
                                                        +---------------------------- Cat(17)
                                                        |
                                                        +---------------------------- Dog(18)
                                                        |
                                                        +---------------------------- Pig(19)
                                                        |
                                                        \---------------------------- Whale(20)

Bipartitions found in one or more trees and frequency of occurrence:

         1         2
12345678901234567890          Freq        %
-------------------------------------------
..******************        200.00  100.00%
..***...............        195.30   97.65%
.....***************        107.80   53.90%
...**...............         99.11   49.55%
..**................         87.69   43.85%
...............*..**         75.83   37.91%
.......*.*..........         75.77   37.88%
...............*..*.         75.18   37.59%
................**..         71.08   35.54%
..................**         70.04   35.02%
.....*..*.*.........         60.93   30.47%
.....*..*...........         51.52   25.76%
.....********.******         41.80   20.90%
........*.*.........         41.48   20.74%
........**..........         39.88   19.94%
.....*....*.........         39.26   19.63%
........*...*.......         37.30   18.65%
.....*..........*...         33.14   16.57%
........**..*.......         32.37   16.18%
..........*......*..         30.97   15.49%
.....**.........*...         28.73   14.37%
.....**.*.*.........         26.43   13.21%
...........**.......         25.68   12.84%
..*****.************         23.54   11.77%
.....**.************         22.75   11.38%
.............**.....         22.38   11.19%
.......*.*....*.....         21.94   10.97%
.....**...*.....**..         20.23   10.12%
...........*..*.....         20.22   10.11%
...........*...*..*.         17.16    8.58%
.....*........*.....         15.56    7.78%
.............*..**..         15.56    7.78%
.....**.............         15.53    7.76%
..*****************.         15.18    7.59%
.....**...*.........         14.90    7.45%
............*...*...         14.53    7.27%
..****.*************         14.14    7.07%
.......***..........         14.01    7.01%
...........*...*..**         13.81    6.90%
.........*..*.......         13.47    6.74%
..***........*......         12.18    6.09%
.....*....*...*.....         11.92    5.96%
.......*......*.....         11.81    5.90%
.......***..*.......         11.73    5.86%
.....**.*****.******         11.37    5.69%
.......*.*...**.....         10.19    5.10%
..***********.******          9.91    4.95%
..........*...*.....          9.90    4.95%
.......*.*.*........          9.87    4.94%
..*.*...............          9.87    4.93%
............*......*          9.77    4.88%
.....**.*.*.....**..          9.50    4.75%
...........*......*.          9.46    4.73%
.....**...*...*.**..          9.40    4.70%
.....*....*.....**..          9.25    4.62%
........***.........          9.00    4.50%
........**.**.......          8.51    4.26%
...........*.**.....          8.33    4.17%
............*.*.....          8.03    4.02%
.....**...*.....*...          8.02    4.01%
..*************.**..          7.87    3.93%
..............*..*..          7.83    3.92%
.......*.*.**.......          7.08    3.54%
.....**********.**..          6.99    3.49%
.....**...*...*.....          6.84    3.42%
.......***.**.......          6.62    3.31%
.....******.*.*.**..          6.54    3.27%
.............**..*..          6.53    3.27%
..****..*.*.........          6.36    3.18%
...........**.*.....          6.25    3.13%
.....*..*.*...*.....          6.13    3.07%
.....**.***.*...**..          6.10    3.05%
............*...*..*          6.00    3.00%
........**..*...*...          6.00    3.00%
.....*..*.*.....*...          5.96    2.98%
..****..............          5.88    2.94%
......*...*.........          5.68    2.84%
..***..*............          5.51    2.76%
..***......*..*.....          5.50    2.75%
.....*.*************          5.46    2.73%
.....*.............*          5.43    2.71%
.....*....*......*..          5.40    2.70%
.......*.....*......          5.39    2.70%
..****....*.........          5.38    2.69%
..*****.******.*****          5.36    2.68%
.....**************.          5.33    2.67%
...........*...*....          5.33    2.67%
.......***.**.*.....          5.33    2.67%
.........*...*......          5.33    2.67%
.....**...*....*****          5.29    2.64%
.....********.*.**..          5.28    2.64%
.........*...**.....          5.26    2.63%
.....********...**..          5.25    2.62%
.....******.*...*...          5.20    2.60%
........*..**.......          5.17    2.58%
.....**.*.*...*.....          5.17    2.58%
.......***....*.....          5.17    2.58%
.....******...*.**..          5.08    2.54%
........*...*.*.....          5.07    2.53%
.....*..*.*........*          5.05    2.52%
........***.*.......          5.00    2.50%
.......*.*.**..*..**          4.92    2.46%
.............*..*...          4.90    2.45%
.........*.*........          4.70    2.35%
...........*.....*..          4.67    2.33%
........*...*...*...          4.67    2.33%
..........*.....**..          4.58    2.29%
..........**.....*..          4.57    2.29%
............***.....          4.50    2.25%
.......*....*.......          4.45    2.22%
.......*.*..*.......          4.42    2.21%
.....*....*.....*...          4.39    2.20%
.............**.**..          4.33    2.17%
......**.*.*********          4.33    2.17%
.........*....*.....          4.33    2.17%
............**......          4.30    2.15%
........*...*......*          4.27    2.14%
..***......*........          4.20    2.10%
.......*.*.*********          4.20    2.10%
.....**...**..******          4.14    2.07%
...........*..*..*..          4.00    2.00%
.....**.*.*......*..          3.94    1.97%
.....******.***.**..          3.87    1.93%
........**..*......*          3.75    1.87%
.....********...*...          3.75    1.87%
.......*...*........          3.74    1.87%
.......***..*.*.....          3.67    1.83%
..*********.***.**..          3.64    1.82%
.....*..*.*.....**..          3.64    1.82%
.....*..************          3.60    1.80%
.....**...*..*.*****          3.52    1.76%
..***........**.....          3.50    1.75%
..........*...*..*..          3.48    1.74%
.....**.***.....**..          3.33    1.67%
.......*.*.**..*....          3.25    1.62%
.....*....*..*..**..          3.25    1.62%
...........**..*....          3.25    1.62%
.....**...*......*..          3.22    1.61%
.....**.***...*.....          3.17    1.58%
.......*.*.*..*.....          3.07    1.53%
..*****.*******.**..          3.05    1.52%
.....**.***.*..*****          3.02    1.51%
.....**.*.*.*...**..          3.00    1.50%
.................**.          3.00    1.50%
.......*...*...*..**          3.00    1.50%
.......***.*..*.....          3.00    1.50%
.....**.***.**.*****          3.00    1.50%
.....*********.*****          3.00    1.50%
.....**.*.*...*.**..          3.00    1.50%
......**............          3.00    1.50%
..************.*****          2.92    1.46%
...........*.*......          2.87    1.44%
.......*.*.*****..**          2.85    1.42%
........**.*********          2.83    1.42%
...............*.***          2.83    1.42%
..*****...*.........          2.83    1.42%
.......*.*.***.*****          2.83    1.42%
.....**.*.*.....*...          2.77    1.39%
.......***.**..*..**          2.73    1.37%
.....******...*.**.*          2.67    1.33%
.....**.*.***.......          2.64    1.32%
.......***.**.**..**          2.62    1.31%
......*.....*.......          2.57    1.29%
.....********.*****.          2.55    1.27%
.....********.*.****          2.54    1.27%
.....***..*.....**..          2.50    1.25%
..****..******.*****          2.50    1.25%
........**...*......          2.50    1.25%
.......*.*.*......**          2.50    1.25%
.....***..*.........          2.50    1.25%
.....**...*.*...**..          2.50    1.25%
.....*..*.*......*..          2.49    1.24%
............*..*....          2.48    1.24%
........**.**..*..**          2.43    1.22%
.....**.*****..*****          2.43    1.21%
.........*.........*          2.40    1.20%
..***.........*.....          2.40    1.20%
.....**......*..*...          2.38    1.19%
.......*.......*..**          2.35    1.18%
.......*.*...*......          2.33    1.17%
......*.......*.....          2.33    1.17%
.....*........*....*          2.33    1.17%
..***********.*.....          2.33    1.17%
.....*.****.........          2.33    1.17%
........*...*.*....*          2.33    1.17%
.....**...*...*....*          2.31    1.15%
..*****.*.**********          2.30    1.15%
......*.........*...          2.29    1.14%
.......*.*...**.**..          2.29    1.14%
.....***.**..**.**..          2.29    1.14%
.....**...*.....****          2.29    1.14%
.....**.***.........          2.25    1.12%
.....**********.****          2.25    1.12%
.....**.*.**....**..          2.25    1.12%
..............**....          2.25    1.12%
.....********..*****          2.25    1.12%
.....*....*...*.**..          2.25    1.12%
.......*.*.****.....          2.20    1.10%
..**.***************          2.20    1.10%
..***...*...........          2.20    1.10%
.......***.**..*..*.          2.18    1.09%
.....**.*******.**..          2.14    1.07%
.....*******..******          2.10    1.05%
.....*..*..........*          2.10    1.05%
.....**.*.*........*          2.10    1.05%
......*....*........          2.06    1.03%
........*...*..*....          2.04    1.02%
.....*..***.........          2.03    1.02%
.......*.*.**.*.....          2.02    1.01%
........*...*.*.*...          2.00    1.00%
........*.....*.....          2.00    1.00%
.....**...*...*..*..          2.00    1.00%
...........*...****.          2.00    1.00%
.....*..*.*...*.**..          2.00    1.00%
..***...**.**.*.....          2.00    1.00%
...........*.***.***          2.00    1.00%
........*****.......          2.00    1.00%
.....*.*******.*****          2.00    1.00%
...........*.**.**..          2.00    1.00%
...........*.**.***.          2.00    1.00%
.....******.....**..          2.00    1.00%
.....**.***..**.**..          2.00    1.00%
..***..************.          2.00    1.00%
..****..******.****.          2.00    1.00%
.....********.*.**.*          2.00    1.00%
.....*..*****.......          2.00    1.00%
.....******.*.*.**.*          2.00    1.00%
.....******.***.**.*          2.00    1.00%
...........********.          2.00    1.00%
.....*.****...*.....          2.00    1.00%
...........*****..**          2.00    1.00%
........**..*.*....*          2.00    1.00%
..........*..**.....          2.00    1.00%
.....*.*............          2.00    1.00%
.....**.........*..*          2.00    1.00%
.....**.........*.**          2.00    1.00%
.....**.***.*...*...          2.00    1.00%
.....******.*...**..          2.00    1.00%
..*****.*.*...*.....          2.00    1.00%
..*****.***.*.*.**..          2.00    1.00%
..........*..**..*..          2.00    1.00%
.....**...*..*******          2.00    1.00%
......**......*.....          2.00    1.00%
..*********.*...*...          2.00    1.00%
.......*........**..          2.00    1.00%
......*........*..**          2.00    1.00%
...........*.******.          2.00    1.00%
.....***..*..*******          2.00    1.00%
...........*......**          1.99    1.00%
.....**...*...******          1.96    0.98%
.....**.***.....*...          1.95    0.98%
.....**.***.*.......          1.95    0.98%
...........****.**..          1.94    0.97%
.....**********.***.          1.93    0.97%
.....**...*...*.**.*          1.92    0.96%
......**.*..........          1.89    0.95%
.......*.....**.....          1.89    0.95%
.......*.*.*...*..**          1.87    0.93%
.......***.***.*****          1.85    0.93%
..****************..          1.83    0.92%
......**.***********          1.83    0.92%
............*...**..          1.83    0.92%
........***...*.....          1.83    0.92%
..****.......*......          1.80    0.90%
.......*.*.*......*.          1.79    0.89%
...............*...*          1.78    0.89%
.....*..**..*...*...          1.78    0.89%
..************.****.          1.75    0.87%
.....******...*.....          1.75    0.87%
.......****...*.....          1.75    0.87%
...........**..*..**          1.75    0.87%
.....**...**********          1.75    0.87%
..*****...*...*.**..          1.75    0.87%
......*..*.*........          1.75    0.87%
.......******.******          1.73    0.86%
........************          1.71    0.86%
..............*..**.          1.70    0.85%
.....******.********          1.70    0.85%
............*....*..          1.70    0.85%
.....**.*.*.*.......          1.67    0.83%
..*****.***..**.**..          1.67    0.83%
..............*....*          1.67    0.83%
........*..........*          1.67    0.83%
......*........*..*.          1.67    0.83%
..*****.*.*.........          1.62    0.81%
...........*.......*          1.60    0.80%
.....***..*..**.**..          1.60    0.80%
......*...*......*..          1.59    0.80%
..*****.******..**..          1.57    0.79%
........**..*.*.....          1.54    0.77%
......*.....*...*...          1.50    0.75%
...........*.**..*..          1.50    0.75%
..****.*******.*****          1.50    0.75%
.......*.*.........*          1.50    0.75%
.......******.**.***          1.50    0.75%
.............*.*..**          1.50    0.75%
.....*....*..*.*****          1.50    0.75%
.....**...*.*..*****          1.50    0.75%
........**...*.*..**          1.50    0.75%
.....**...***.*.**..          1.50    0.75%
.....******...*.****          1.50    0.75%
.......*...***.*****          1.50    0.75%
................*.*.          1.50    0.75%
.....*.******.******          1.50    0.75%
.....**.*.***...**..          1.50    0.75%
.....**.***...*.**..          1.50    0.75%
.....**.***.********          1.50    0.75%
.....**........**.**          1.50    0.75%
.....**.*****.*.****          1.50    0.75%
..***.....*..**.....          1.50    0.75%
.....***..**...*****          1.50    0.75%
............*.*.**..          1.50    0.75%
.....**.*.*.**.*****          1.50    0.75%
.......*...*...*..*.          1.50    0.75%
.....*.*..*.........          1.50    0.75%
.....**...*....***..          1.50    0.75%
...........***......          1.50    0.75%
.....**.***.*.*.**..          1.50    0.75%
.....**.***.*..***..          1.47    0.74%
.....**.....*...*..*          1.45    0.72%
...........****.....          1.44    0.72%
..........***....*..          1.43    0.71%
.....**...***.******          1.42    0.71%
........**..*.*.*...          1.40    0.70%
.....**.*.*.*...*...          1.40    0.70%
..............*.**..          1.39    0.70%
..****....*.....*...          1.38    0.69%
..****....*..**.**..          1.38    0.69%
.....**...*..*..**..          1.38    0.69%
.....*.......*..*...          1.38    0.69%
.....*..*.....*.....          1.33    0.67%
.....*..*.*...*..*..          1.33    0.67%
.....**.*.*...*..*..          1.33    0.67%
...........**......*          1.33    0.67%
..***********.**..*.          1.33    0.67%
............*...**.*          1.33    0.67%
.....*....*...*..*..          1.33    0.67%
.......*.*.*..**..**          1.33    0.67%
...............****.          1.33    0.67%
..***.....*.........          1.33    0.67%
.....*************.*          1.33    0.67%
......*...........*.          1.33    0.67%
........*..**..*..*.          1.33    0.67%
..*****...**********          1.32    0.66%
........***..**.....          1.31    0.65%
.....**.***.*......*          1.31    0.65%
..*************.*...          1.29    0.64%
.....**.*.***..*****          1.29    0.64%
..*****...*.***.**..          1.29    0.64%
........*.***.......          1.29    0.64%
.....**********.**.*          1.28    0.64%
.....**...***...**.*          1.27    0.63%
.......*.*.**.**..**          1.27    0.63%
.....**.***.*.****..          1.25    0.62%
..****..************          1.25    0.62%
..***...**.**.......          1.25    0.62%
.........*..*..*....          1.25    0.62%
..*****...*.....*...          1.25    0.62%
..*****...*..**.**..          1.25    0.62%
........**..*..*....          1.25    0.62%
.....**.*.**........          1.25    0.62%
.......*.*...***..**          1.25    0.62%
...........****..*..          1.22    0.61%
.........*.**.......          1.22    0.61%
.........*.**..*..**          1.20    0.60%
.......***.*********          1.20    0.60%
..*****.*.*****.**..          1.20    0.60%
.......***.*****.***          1.20    0.60%
........**.*****..**          1.20    0.60%
...............**.**          1.20    0.60%
.......*...**.*.....          1.20    0.60%
.....*....*........*          1.18    0.59%
.............*.****.          1.17    0.58%
..****....*...*.....          1.17    0.58%
.....**.****....**..          1.17    0.58%
..*************.***.          1.17    0.58%
.......**...........          1.17    0.58%
.......***.**..*....          1.15    0.58%
.....**...*..**.**..          1.15    0.58%
.....*....*...*....*          1.15    0.58%
.........*..*....*..          1.14    0.57%
..*********.*******.          1.14    0.57%
.....**...**....**..          1.14    0.57%
..........***.......          1.14    0.57%
.....*..***...*.....          1.13    0.57%
..........**..*..*..          1.11    0.56%
.......*.......*..*.          1.10    0.55%
.....**.*.**...*****          1.10    0.55%
.....**.*.*......*.*          1.10    0.55%
.......*.*.*...*..*.          1.09    0.55%
..........*..**.**..          1.08    0.54%
..**********.*******          1.07    0.53%
..***....*...*......          1.05    0.52%
.....**.*.***.******          1.00    0.50%
.....*..*...*...*...          1.00    0.50%
.......*...*.....*..          1.00    0.50%
.....**.....*...*...          1.00    0.50%
.....**.***.***.*...          1.00    0.50%
.....*.******...**..          1.00    0.50%
.........*...*.....*          1.00    0.50%
.......*........*...          1.00    0.50%
.....***..*...*.**..          1.00    0.50%
.....***..*...****..          1.00    0.50%
.....***..*...*****.          1.00    0.50%
.....****.***.*****.          1.00    0.50%
...........*....***.          1.00    0.50%
.....******.*.*....*          1.00    0.50%
........***.*....*..          1.00    0.50%
..*****......*..*...          1.00    0.50%
..******.....*..*...          1.00    0.50%
..******...*.*.**.*.          1.00    0.50%
.....*..*****.******          1.00    0.50%
.......*.....*..*...          1.00    0.50%
.....*.*.....*..*...          1.00    0.50%
..****.***.****.*...          1.00    0.50%
.............***..**          1.00    0.50%
.....**.*.*..****.**          1.00    0.50%
.....**.***..****.**          1.00    0.50%
.....**.***.*****.**          1.00    0.50%
...........*.***.**.          1.00    0.50%
.....***........*...          1.00    0.50%
.....********..**...          1.00    0.50%
..........*..*..**..          1.00    0.50%
.....*..**..........          1.00    0.50%
.....*.***..........          1.00    0.50%
.....*.***..*.......          1.00    0.50%
.....*.***.**.......          1.00    0.50%
.....*.***.**..*..**          1.00    0.50%
.......*.*.*.**.****          1.00    0.50%
......*.***.*...**..          1.00    0.50%
...........*.***..**          1.00    0.50%
......*.**.*********          1.00    0.50%
...........****....*          1.00    0.50%
.....******....****.          1.00    0.50%
.........*...**.**..          1.00    0.50%
.....*..***..**.**..          1.00    0.50%
..*********..**.**..          1.00    0.50%
.......*.....**.**..          1.00    0.50%
.......*.....**.***.          1.00    0.50%
.......*.....******.          1.00    0.50%
..***...*****.......          1.00    0.50%
.......***.**.**.***          1.00    0.50%
......*******.**.***          1.00    0.50%
.....********.**.***          1.00    0.50%
..****....*..*..*...          1.00    0.50%
..****....*..*..**..          1.00    0.50%
..****....**.*..**..          1.00    0.50%
..****..******..**..          1.00    0.50%
.......***..*.**....          1.00    0.50%
.......***.**.**....          1.00    0.50%
................*..*          1.00    0.50%
.........*......*..*          1.00    0.50%
.....*..**......*..*          1.00    0.50%
.....**.**......*..*          1.00    0.50%
.....**.***.....*..*          1.00    0.50%
.....**.*****...*..*          1.00    0.50%
.....**.*****...**.*          1.00    0.50%
......*.***.........          1.00    0.50%
.....**.***...*....*          1.00    0.50%
.....******...*....*          1.00    0.50%
.....*..**.*........          1.00    0.50%
.....*..**.**.......          1.00    0.50%
.....**.*****.......          1.00    0.50%
.....**.*****...**..          1.00    0.50%
.....**.*****..****.          1.00    0.50%
.....***.**...*....*          1.00    0.50%
.....******.*.*.*..*          1.00    0.50%
.....******.******.*          1.00    0.50%
.............**.****          1.00    0.50%
..***......*.*.*..*.          1.00    0.50%
..***......***.****.          1.00    0.50%
..***..*.*.********.          1.00    0.50%
.....**.*.*.*.*.**.*          1.00    0.50%
.....*..******.*****          1.00    0.50%
.....**.******.*****          1.00    0.50%
.....**...*.*.*.**.*          1.00    0.50%
.....**...*.*.******          1.00    0.50%
..*****...***.******          1.00    0.50%
..******..***.******          1.00    0.50%
...........**.*..*..          1.00    0.50%
...........*********          1.00    0.50%
......*....*********          1.00    0.50%
........*.***....*..          1.00    0.50%
.......******....*..          1.00    0.50%
.....**......*.**.*.          1.00    0.50%
.....*********.****.          1.00    0.50%
.....**...*.*...*...          1.00    0.50%
.......*....*..*..**          1.00    0.50%
.......*....**.*****          1.00    0.50%
..***..*...***.*****          1.00    0.50%
..***..*...*********          1.00    0.50%
................***.          1.00    0.50%
........***********.          1.00    0.50%
......*.************          1.00    0.50%
.....**.*******.****          1.00    0.50%
..***...**.**..*....          1.00    0.50%
..***...**.**..*..*.          1.00    0.50%
..****.************.          1.00    0.50%
..............**..**          1.00    0.50%
..*****...**..******          1.00    0.50%
.....**...**..*.**..          1.00    0.50%
.........*.......*..          1.00    0.50%
..*****..**.....**..          1.00    0.50%
..*****..**..*..**..          1.00    0.50%
..*****..**..*.*****          1.00    0.50%
...*.*..*.*.........          1.00    0.50%
...***..*.*.........          1.00    0.50%
..****..*.*.***.....          1.00    0.50%
..****.********.....          1.00    0.50%
..****.*********..**          1.00    0.50%
.....*.*****.**.....          1.00    0.50%
.....*.*****.***..*.          1.00    0.50%
...........*****....          1.00    0.50%
..***......*.**.**..          1.00    0.50%
.....**.***.*.*....*          1.00    0.50%
..***......***......          1.00    0.50%
..***......***.*..**          1.00    0.50%
..***......***.*****          1.00    0.50%
..****....****.*****          1.00    0.50%
.......*.**..**..*..          1.00    0.50%
.......*.**..**.**..          1.00    0.50%
.....**.*...*.......          1.00    0.50%
..*****.***.********          1.00    0.50%
.......*.*.*****....          1.00    0.50%
.....***............          1.00    0.50%
.....*....*.*.*.**..          1.00    0.50%
.....*....*.*.****..          1.00    0.50%
.....*....*.*.******          1.00    0.50%
.......***...*......          1.00    0.50%
..***..***...*......          1.00    0.50%
..***..***.*.*......          1.00    0.50%
.....**...*...****..          1.00    0.50%
.....******...****..          1.00    0.50%
.....******...*****.          1.00    0.50%
............*.*..*..          1.00    0.50%
.....**.*.*.*.*.**..          1.00    0.50%
......*.**..*...*...          1.00    0.50%
.....******.*..***..          1.00    0.50%
.....******.*..****.          1.00    0.50%
..***......*.**.....          1.00    0.50%
........*****....*..          1.00    0.50%
..***...*****....*..          1.00    0.50%
..*****.*****....*..          1.00    0.50%
..*****.*****...**..          1.00    0.50%
.....*....*..**..*..          1.00    0.50%
...........*...**.*.          1.00    0.50%
.....*.....*...**.*.          1.00    0.50%
.....*.....*.****.*.          1.00    0.50%
.....*..**.******.**          1.00    0.50%
........*..*........          1.00    0.50%
..*****.*.*...*.**..          1.00    0.50%
.............***.***          1.00    0.50%
...........**.*..*.*          1.00    0.50%
...........**.**.***          1.00    0.50%
.....**.***..*..*...          1.00    0.50%
..*****.***..*..*...          1.00    0.50%
..****..*.*...*.....          1.00    0.50%
..........*...*.**..          1.00    0.50%
..***.....*..**.**..          1.00    0.50%
.....**.***.***.**..          1.00    0.50%
.....**.*.*..**.....          1.00    0.50%
.....***********..**          1.00    0.50%
.....**...*.....*..*          1.00    0.50%
..........*..*......          1.00    0.50%
.......*.***.**..**.          1.00    0.50%
.......*********.**.          1.00    0.50%
.......*********.***          1.00    0.50%
..*****.........*...          1.00    0.50%
.....*.*........*...          1.00    0.50%
.....*.*........*..*          1.00    0.50%
..***.....**..*..*..          1.00    0.50%
..***...*****.*..*..          1.00    0.50%
..***...*****.**.*..          1.00    0.50%
..***...*****.**.**.          1.00    0.50%
..****.******.******          1.00    0.50%
.....**...*..**.....          1.00    0.50%
......**........*...          1.00    0.50%
.....**...*..*......          1.00    0.50%
.....**...*..*.....*          1.00    0.50%
.....**...*..*..**.*          1.00    0.50%
.....**...*..*..****          1.00    0.50%
.......*...........*          1.00    0.50%
.....*..*.*.*...*...          1.00    0.50%
.....*..*.*.*...**..          1.00    0.50%
.........*..**..*..*          1.00    0.50%
.......*.*..**..*..*          1.00    0.50%
.....**.*.**.....*..          1.00    0.50%
.....**.*.**..*..*..          1.00    0.50%
..*****.*.**..*..*..          1.00    0.50%
..****..***.********          1.00    0.50%
.......***..*...*...          1.00    0.50%
......****..*...*...          1.00    0.50%
.....******.******..          1.00    0.50%
.......***.*****..**          1.00    0.50%
.........*.*...*..*.          1.00    0.50%
.....****.*...*....*          1.00    0.50%
.....***..*......*..          1.00    0.50%
.....***..*....*****          1.00    0.50%
.....**...*....****.          1.00    0.50%
.....**...**...****.          1.00    0.50%
.....*******..*****.          1.00    0.50%
..*..........*......          1.00    0.50%
..**.........*......          1.00    0.50%
.....****.*...*.**..          1.00    0.50%
.......*.*...**..*..          1.00    0.50%
.....******....*****          1.00    0.50%
..*********.********          1.00    0.50%
............*.*....*          1.00    0.50%
......*.**..*.*....*          1.00    0.50%
......*.**.**.*...**          1.00    0.50%
.....*.*..*..*..**..          1.00    0.50%
.....*.*..*..*.***..          1.00    0.50%
........*...*.....**          1.00    0.50%
.....**..***........          1.00    0.50%
.....**..***....**..          1.00    0.50%
.......***.**..****.          1.00    0.50%
..***.....*...*.....          1.00    0.50%
..****....*..**....*          1.00    0.50%
.......*.*.....*..**          1.00    0.50%
.....*******...*****          1.00    0.50%
..*..***************          1.00    0.50%
.........*....*....*          1.00    0.50%
.....**.***..**.**.*          1.00    0.50%
.......*.*...*******          1.00    0.50%
........*.*.*.......          1.00    0.50%
.......***.**.**..*.          1.00    0.50%
.....********.**..*.          1.00    0.50%
..**************..*.          1.00    0.50%
.......*.......*.***          1.00    0.50%
.......*....*..*.***          1.00    0.50%
.......*...**..*.***          1.00    0.50%
.....**.***..**.*...          1.00    0.50%
..***....*..*.......          1.00    0.50%
...........*.*.*....          1.00    0.50%
........**..*...*..*          1.00    0.50%
........**..*...*.**          1.00    0.50%
........**.***.**.**          1.00    0.50%
.......*.........*..          1.00    0.50%
.....*......*...*...          1.00    0.50%
..***.....**.**..*..          1.00    0.50%
..****..*******.**..          1.00    0.50%
.......*.*...**.****          1.00    0.50%
.......*...*..**..**          1.00    0.50%
........***.*.*.....          1.00    0.50%
........***.*.*..*..          1.00    0.50%
........***.*.*.**..          1.00    0.50%
......*.***.*.*.**..          1.00    0.50%
.....********.......          1.00    0.50%
.....***.***.******.          1.00    0.50%
........**.........*          1.00    0.50%
........**........**          1.00    0.50%
...........**....*..          1.00    0.50%
.....*....***.*..*..          1.00    0.50%
.....*....***.*.**..          1.00    0.50%
...............*.**.          1.00    0.50%
.....**...*...**.***          1.00    0.50%
.........*......**..          1.00    0.50%
..***..*.*.**.*.....          1.00    0.50%
..***..*.*.****.....          1.00    0.50%
..****.********.**..          1.00    0.50%
..*****.***.*...**..          1.00    0.50%
...........***.*....          1.00    0.50%
.......***.*........          1.00    0.50%
.....**...*.*.*.....          1.00    0.50%
..*****...*.*.*.....          1.00    0.50%
.......*...***......          1.00    0.50%
.......*...***.*..**          1.00    0.50%
.....**.*.*..*..**.*          1.00    0.50%
.....**.*.*.**.***.*          1.00    0.50%
.......*.**...*.**..          1.00    0.50%
......**.**...*.**..          1.00    0.50%
.....*.***....**..**          1.00    0.50%
..........***...**..          1.00    0.50%
..***.....****..**..          1.00    0.50%
............***.**..          1.00    0.50%
............******..          1.00    0.50%
.........*........**          1.00    0.50%
.......*.*........**          1.00    0.50%
.....*******......**          1.00    0.50%
.....***..*.....*...          1.00    0.50%
......*......*......          1.00    0.50%
......*......*.*..**          1.00    0.50%
.......***.**...**..          1.00    0.50%
.....*.******.*.**..          1.00    0.50%
...........*.**.****          1.00    0.50%
...........*.*******          1.00    0.50%
........**.*.*******          1.00    0.50%
........***...*..*..          1.00    0.50%
........****..*..*..          1.00    0.50%
.....**.****..******          1.00    0.50%
......*........**.**          1.00    0.50%
......**.......**.**          1.00    0.50%
.....*....**..*..*..          1.00    0.50%
.....***..**..******          1.00    0.50%
.....***..***.******          1.00    0.50%
.....***.****.******          1.00    0.50%
.........*.****.**..          1.00    0.50%
......*..*.*********          1.00    0.50%
.....*..*.*....**.**          1.00    0.50%
.....*..*.*....*****          1.00    0.50%
......*....*...*..*.          1.00    0.50%
.....*.****...*..*..          1.00    0.50%
.....*******..**.**.          1.00    0.50%
.......*.*..***.**..          1.00    0.50%
.......***.*.**.....          1.00    0.50%
.......***.****..*..          1.00    0.50%
..*****...*....**.*.          1.00    0.50%
.............*.*....          1.00    0.50%
.......*.*..**.*....          1.00    0.50%
.......*.*.***.*....          1.00    0.50%
.......*.*.***.*..**          1.00    0.50%
..***********.**....          1.00    0.50%
.....**...***...**..          1.00    0.50%
.....**...***..*****          1.00    0.50%
........**.****.....          0.90    0.45%
..**********.******.          0.90    0.45%
.....**.*.*..*..**..          0.84    0.42%
............*.*.*...          0.83    0.42%
.......*.*...*..**..          0.83    0.42%
..*********.*.......          0.83    0.42%
......*...*...*..*..          0.83    0.42%
......**.**.*.*.**..          0.83    0.42%
......**.**.***.**..          0.83    0.42%
......**.**.********          0.83    0.42%
..****..*...........          0.83    0.42%
.....**...*..**.**.*          0.81    0.40%
..*****.***.**..*...          0.80    0.40%
.....**.***...*.*...          0.80    0.40%
.....******...*.*...          0.80    0.40%
.....******.*.*.*...          0.80    0.40%
..***......*.*******          0.80    0.40%
..***......*********          0.80    0.40%
..****..*.**********          0.80    0.40%
.........*.**....*..          0.80    0.40%
.......*.....**..*..          0.80    0.40%
........********.***          0.77    0.39%
.......****.........          0.75    0.37%
.......*****..**.**.          0.75    0.37%
.....**.....**..*..*          0.75    0.37%
.....********..***..          0.75    0.37%
.....********..****.          0.75    0.37%
.....***..**.******.          0.75    0.37%
.........*..**..**..          0.75    0.37%
........*.*........*          0.75    0.37%
..****..*.*........*          0.75    0.37%
..****..***.******.*          0.75    0.37%
.....***.***..*.**..          0.75    0.37%
.....**.****........          0.75    0.37%
..*****.*.***.......          0.71    0.36%
..****....*..**.*...          0.71    0.36%
.............*.**.*.          0.70    0.35%
.........*.*..*.....          0.70    0.35%
.....***.***********          0.70    0.35%
........*...*..*..**          0.68    0.34%
..*****...*...*.....          0.67    0.33%
..***..*.*.*********          0.67    0.33%
........***.*....*.*          0.67    0.33%
.....*..***.*.*..*.*          0.67    0.33%
.....*..***.*.*.**.*          0.67    0.33%
.....*..***.***.**.*          0.67    0.33%
.....**.*******.**.*          0.67    0.33%
.....**.****.*..**..          0.67    0.33%
.....**.****.*.*****          0.67    0.33%
.....**..**..**.**..          0.67    0.33%
.......*.*..*...*...          0.67    0.33%
.....*....*..**.....          0.67    0.33%
.....*.*********.*..          0.67    0.33%
.....*.*********.***          0.67    0.33%
..***..*....*.......          0.67    0.33%
..***..*...**.......          0.67    0.33%
.....*.....*........          0.67    0.33%
.....*....**........          0.67    0.33%
.....**...**........          0.67    0.33%
.....**...**.*..**..          0.67    0.33%
.......**...*.*.....          0.67    0.33%
.........*.*...*.**.          0.67    0.33%
.....*******..**.***          0.67    0.33%
.......*.*..***.*..*          0.67    0.33%
.......*.*.****.**.*          0.67    0.33%
.......***..*......*          0.67    0.33%
..****....*.....**..          0.67    0.33%
..****.****.***.**.*          0.67    0.33%
..****.****.******.*          0.67    0.33%
..****.****.********          0.67    0.33%
..***......*...*..*.          0.67    0.33%
..***...*..**..*..*.          0.67    0.33%
..***...**.***.*..*.          0.67    0.33%
..***..***.***.*..*.          0.67    0.33%
..***..***.***.****.          0.67    0.33%
..***..***.***.*****          0.67    0.33%
..**********.*.*****          0.67    0.33%
.....**..**.*...**..          0.67    0.33%
.....**..**.*..*****          0.67    0.33%
..***...*..*.**.....          0.67    0.33%
.......***.**.....**          0.65    0.33%
.....*..***.*.......          0.64    0.32%
......*...*.....**..          0.62    0.31%
.........*.*****.***          0.60    0.30%
........**.....*..*.          0.60    0.30%
.....**...*.*...**.*          0.60    0.30%
.....**...***.*.**.*          0.60    0.30%
.........*...**....*          0.60    0.30%
.........*...**.**.*          0.60    0.30%
.....**.***..*******          0.60    0.30%
.......***..*.***.**          0.60    0.30%
.......*.*..***.....          0.60    0.30%
.......*.*.****....*          0.60    0.30%
.......*.*.****...**          0.60    0.30%
.......*.*.******.**          0.60    0.30%
.....********.*.....          0.58    0.29%
.....*******..*.**..          0.58    0.29%
......*...*...*.....          0.58    0.29%
........**.**......*          0.58    0.29%
..*****.******......          0.57    0.29%
........**...**.....          0.57    0.29%
.....**.*****.*.**..          0.56    0.28%
.....********.*.***.          0.55    0.27%
.....***..*..**.**.*          0.54    0.27%
.....**...*........*          0.54    0.27%
.....***.***.**.**..          0.54    0.27%
......****.*********          0.53    0.27%
.....**.*.*....*****          0.53    0.27%
......*.....*..*****          0.50    0.25%
......*....**..*****          0.50    0.25%
......*...*....*...*          0.50    0.25%
.....*..*...*.......          0.50    0.25%
.....*..*...*.*.***.          0.50    0.25%
.....*..*..**.*.***.          0.50    0.25%
.....***..*...*.....          0.50    0.25%
.....******.........          0.50    0.25%
.......*...*..*.....          0.50    0.25%
.....*.*...*..*.....          0.50    0.25%
.............*.*****          0.50    0.25%
......*......*.*****          0.50    0.25%
.....**.*****.*.**.*          0.50    0.25%
.......*****..*..*..          0.50    0.25%
.............**.*...          0.50    0.25%
.....*....**.*.*****          0.50    0.25%
.............*...*..          0.50    0.25%
..*********.*.*.....          0.50    0.25%
...........**.*.*...          0.50    0.25%
.........*.**..*....          0.50    0.25%
..*****..**......*..          0.50    0.25%
..****...**......*..          0.50    0.25%
........*.*.....*...          0.50    0.25%
.......*.*.**.******          0.50    0.25%
.....**....*..******          0.50    0.25%
........*****.*..*..          0.50    0.25%
..***.....*..**..*..          0.50    0.25%
..***.*...*..**..*..          0.50    0.25%
..******..*..**.**..          0.50    0.25%
.....***..**...*..**          0.50    0.25%
...........***.*..**          0.50    0.25%
..*****.******.****.          0.50    0.25%
.......*.*..****....          0.50    0.25%
............**.****.          0.50    0.25%
.....**.***........*          0.50    0.25%
.....**.***.***....*          0.50    0.25%
.......*.....*.**.*.          0.50    0.25%
.......*...*.*.**.*.          0.50    0.25%
.......*...*.*.****.          0.50    0.25%
..****.*..**.******.          0.50    0.25%
..******..**.******.          0.50    0.25%
..******.***.******.          0.50    0.25%
.......*...*...*.**.          0.50    0.25%
.......*..**..**.**.          0.50    0.25%
.....**.**..*...*..*          0.50    0.25%
.......*.*.*.*..****          0.50    0.25%
.......*.*..*...**..          0.50    0.25%
.......*.*..*...**.*          0.50    0.25%
.......*.*.**..*****          0.50    0.25%
.........*..***.**..          0.50    0.25%
.........*..******..          0.50    0.25%
...............**.*.          0.50    0.25%
.....***..*......*.*          0.50    0.25%
........**....*.....          0.50    0.25%
..***..............*          0.50    0.25%
..***......*...*..**          0.50    0.25%
..****..*****..*..**          0.50    0.25%
..*****...*..*..**..          0.50    0.25%
..*****...**.**.**..          0.50    0.25%
.....**...**...*****          0.50    0.25%
.....********..*..**          0.50    0.25%
.......*...**.**....          0.50    0.25%
.......*...**.**..**          0.50    0.25%
.....**.****....*...          0.50    0.25%
.......*....*....*..          0.50    0.25%
.......*....*...**..          0.50    0.25%
...........***.*..*.          0.50    0.25%
.....*..*.**********          0.50    0.25%
......**.*.*****..**          0.50    0.25%
.....*.***....*.....          0.50    0.25%
.......***.....*..**          0.50    0.25%
.....*.*..*.....*...          0.50    0.25%
.....***..*.*.......          0.50    0.25%
...........****.*...          0.50    0.25%
....****************          0.50    0.25%
.........*.**.*.....          0.50    0.25%
..***.*.....**......          0.50    0.25%
..***.*..*.***......          0.50    0.25%
..***.*.....*.......          0.50    0.25%
..***.*....****.....          0.50    0.25%
.....*.****.***.**..          0.50    0.25%
.....*.****.******..          0.50    0.25%
.....*.************.          0.50    0.25%
.....**...*...**..**          0.50    0.25%
..*****...*.....*.*.          0.50    0.25%
.......*.*.**.**.***          0.50    0.25%
.....*.******..*****          0.50    0.25%
........**.**..*..*.          0.50    0.25%
.....**.*****.*****.          0.50    0.25%
.....*....*..**.**..          0.48    0.24%
.....**...*...****.*          0.46    0.23%
......*......*..**..          0.44    0.22%
......*....****.**..          0.44    0.22%
.....**.*.*****.**..          0.44    0.22%
.....**.**..*...*...          0.44    0.22%
......*....**.......          0.43    0.21%
.....**.***.*....*..          0.43    0.21%
..........***..*.***          0.43    0.21%
.....******..**.**..          0.42    0.21%
..************..**..          0.42    0.21%
.......*...**.......          0.41    0.21%
..*****.***..*......          0.40    0.20%
.........*.**.*..*..          0.40    0.20%
.....*..*.*..*.**.**          0.40    0.20%
.........*.****..*..          0.40    0.20%
........*......*..*.          0.40    0.20%
..***..***.*..**..*.          0.40    0.20%
..***..***.*.***..*.          0.40    0.20%
.......***..*.*.*..*          0.40    0.20%
.......***..*.*.*...          0.40    0.20%
.....*....*....*****          0.40    0.20%
.....**.***.***.**.*          0.40    0.20%
.........*...**..*.*          0.40    0.20%
.....**.****.*******          0.40    0.20%
........*..**..*..**          0.34    0.17%
..****........*.....          0.33    0.17%
..******.**..**.**..          0.33    0.17%
.............*..***.          0.33    0.17%
..*******.**********          0.33    0.17%
..***..*.***********          0.33    0.17%
..***.**.***********          0.33    0.17%
........**..**.....*          0.33    0.17%
.......***..**.....*          0.33    0.17%
.......***.***.*..**          0.33    0.17%
.......*******.*****          0.33    0.17%
.....**.......*.....          0.33    0.17%
.....**.***....*****          0.33    0.17%
.....**.***..*.*****          0.33    0.17%
.....******..*.*****          0.33    0.17%
..*****.****.**.**..          0.33    0.17%
.......*...****.....          0.33    0.17%
..*****.***.....**..          0.33    0.17%
......*...*.*.*..*..          0.33    0.17%
.......***..*..*....          0.33    0.17%
.....******.*.......          0.33    0.17%
..***********.......          0.33    0.17%
..***...*.*.*...*...          0.33    0.17%
..*****.*.*.*...*...          0.33    0.17%
..*****.*.*.***.**..          0.33    0.17%
.....**...**.*.****.          0.33    0.17%
.....***.***.*.****.          0.33    0.17%
.....**...**.*.*****          0.33    0.17%
.......***..*.**..**          0.33    0.17%
.......***..********          0.33    0.17%
......****..********          0.33    0.17%
...*.***************          0.33    0.17%
.....**.*.*.*.****..          0.33    0.17%
.....********...****          0.33    0.17%
.......*.*..**.**.**          0.33    0.17%
..*****.*.**..**.**.          0.33    0.17%
..*************.**.*          0.33    0.17%
............**..*...          0.33    0.17%
.........*.**..****.          0.33    0.17%
.......*.*..***.**.*          0.33    0.17%
.......*.*..******.*          0.33    0.17%
.......*.*..********          0.33    0.17%
......**.*..********          0.33    0.17%
.....*.****.*......*          0.33    0.17%
.....*.****.***.**.*          0.33    0.17%
.....*.****.******.*          0.33    0.17%
.....*.****.********          0.33    0.17%
..*****.***********.          0.33    0.17%
.....**.*****.****..          0.33    0.17%
.....*..**.**.*.*...          0.33    0.17%
.....*..*****.*.**..          0.33    0.17%
.....*.*****..*.....          0.33    0.17%
.....*******..*.....          0.33    0.17%
.....*******..*.**.*          0.33    0.17%
.....********.****.*          0.33    0.17%
.....**.*.*.....****          0.33    0.17%
.....**.*.*.*..*****          0.33    0.17%
............*..*****          0.33    0.17%
.....***........**..          0.33    0.17%
......*...*....*.***          0.33    0.17%
.....***.***.*******          0.33    0.17%
..***...*...*.......          0.33    0.17%
........**.***.*..*.          0.33    0.17%
.......***.***.*..*.          0.33    0.17%
.......***.***.****.          0.33    0.17%
..****..*.*..*..**..          0.33    0.17%
..****.*****.*.*****          0.33    0.17%
.......*.*.*.*.*****          0.33    0.17%
..***...*..*........          0.33    0.17%
.....*..*.*..**.**..          0.31    0.15%
.....**...*...*..*.*          0.31    0.15%
.......*.*..*.*.....          0.30    0.15%
......*.........**..          0.29    0.14%
.....**...*......*.*          0.29    0.14%
.....**...*.....**.*          0.29    0.14%
..*****...*.********          0.29    0.14%
......****..........          0.29    0.14%
.....*******.*******          0.29    0.14%
..****....*..**.**.*          0.29    0.14%
..****....**.*******          0.29    0.14%
.....*.*.**..**.**..          0.29    0.14%
.....**...**....****          0.29    0.14%
..******............          0.29    0.14%
..*************.*..*          0.29    0.14%
..***************..*          0.29    0.14%
..***************.**          0.29    0.14%
........*******.....          0.29    0.14%
..***..*************          0.29    0.14%
.....******...*..*..          0.25    0.12%
...........**.*.**..          0.25    0.12%
.......*****..*..**.          0.25    0.12%
...........*...*.**.          0.25    0.12%
............*...*.**          0.25    0.12%
............*..**.**          0.25    0.12%
...........**..*****          0.25    0.12%
..***...***..*......          0.25    0.12%
..***...***..**.....          0.25    0.12%
..***...************          0.25    0.12%
......**.*....*.....          0.25    0.12%
.....*.*.**...*....*          0.25    0.12%
.....*.*.*.........*          0.25    0.12%
........**.***.*****          0.25    0.12%
..****...**.....**..          0.25    0.12%
..*****.*.*..*..*...          0.25    0.12%
..************..*...          0.25    0.12%
..************.***..          0.25    0.12%
.......*...*.**.....          0.25    0.12%
.....***..*..******.          0.25    0.12%
.....***..**.**.**..          0.25    0.12%
.....**...*...*.*...          0.25    0.12%
.....**...*...*.****          0.25    0.12%
.......*.*..****..**          0.25    0.12%
.......*.*...**...**          0.25    0.12%
..****..***.***.**.*          0.25    0.12%
.....*..***.*...**..          0.25    0.12%
..****..***.***.**..          0.25    0.12%
..****..***.******..          0.25    0.12%
.....***.***.*****..          0.25    0.12%
.....***.***..****..          0.25    0.12%
........**..***.....          0.25    0.12%
..*****...**.*******          0.25    0.12%
.....*....*...****..          0.25    0.12%
.....*.*..*..*****..          0.25    0.12%
.....*.*..*..*******          0.25    0.12%
..***...**..*.......          0.25    0.12%
........***.*..*.*..          0.25    0.12%
.....*..***.*..***..          0.25    0.12%
.....***..*...*..*..          0.25    0.12%
.....*******....**..          0.25    0.12%
.......*.*.**...**..          0.25    0.12%
.......*.....*..**..          0.24    0.12%
.....***..*..**.****          0.23    0.12%
.....**.*.**********          0.22    0.11%
........**.**.*.*...          0.22    0.11%
........**.**.***.**          0.22    0.11%
..***....*..**..*...          0.20    0.10%
..*********.**..*...          0.20    0.10%
.......*.......*....          0.20    0.10%
.......*...*..**.***          0.20    0.10%
.....****.***.******          0.20    0.10%
......**....*...*...          0.20    0.10%
.....******.*.****..          0.20    0.10%
.....********.****..          0.20    0.10%
..***......****.**..          0.20    0.10%
..*****.*******.**.*          0.20    0.10%
.............*.**.**          0.20    0.10%
.........*.**.....*.          0.20    0.10%
.........*.**.....**          0.20    0.10%
.....**...*.*...*..*          0.20    0.10%
........**.*..**..*.          0.20    0.10%
.......***.*..**..*.          0.20    0.10%
........**..*.*.*..*          0.20    0.10%
..*****.............          0.20    0.10%
..*****...**.....*..          0.20    0.10%
..*****.*.***.*.**..          0.20    0.10%
..***********.*.**..          0.20    0.10%
..***********.*****.          0.20    0.10%
......*...**.....*..          0.20    0.10%
......*.*.***.*.**..          0.20    0.10%
......*******.*.**..          0.20    0.10%
......*******.*****.          0.20    0.10%
.....*....*....*.***          0.20    0.10%
........*..***.*..**          0.20    0.10%
........**.***.*..**          0.20    0.10%
.....*.**********.**          0.20    0.10%
.........*.....*...*          0.20    0.10%
.....***..*..*..*...          0.20    0.10%
.....***..*..**.***.          0.20    0.10%
.....***.**..*******          0.20    0.10%
.............*.....*          0.18    0.09%
.....***.***..*.***.          0.18    0.09%
.....***.***..*****.          0.18    0.09%
..*****.***.*.......          0.17    0.08%
..*****.***.*.*.....          0.17    0.08%
..*****.*****.*.....          0.17    0.08%
..*****.*****.**....          0.17    0.08%
......**.**.*.*..*..          0.17    0.08%
......*...*.*.*.**..          0.17    0.08%
.......*.*......*...          0.17    0.08%
.......*.*.**..**.**          0.17    0.08%
..***..*...**..*..*.          0.17    0.08%
..***..*...***.****.          0.17    0.08%
..***..***....*.....          0.17    0.08%
.....******...******          0.17    0.08%
.....******..**.**.*          0.17    0.08%
......*...*.....*...          0.15    0.08%
..*****.*.**........          0.14    0.07%
..*****.*.***..*....          0.14    0.07%
..*****.******.*....          0.14    0.07%
..*****.******.***..          0.14    0.07%
..*****.*.***...**..          0.14    0.07%
...............*****          0.14    0.07%
.....**.******......          0.14    0.07%
......*..*..*.......          0.14    0.07%
...........*..**..**          0.14    0.07%
........**..**......          0.14    0.07%
........**.**.*.....          0.14    0.07%
......*.**..*.......          0.14    0.07%
.....**.***.*....*.*          0.14    0.07%
.....**.***.*...**.*          0.14    0.07%
..*****...*.******..          0.14    0.07%
......****..*.......          0.14    0.07%
.....*..*.*..**.*...          0.14    0.07%
.....*..*.**.*******          0.14    0.07%
.....*....*..**.*...          0.14    0.07%
.....*....**.*******          0.14    0.07%
..****....*..*******          0.14    0.07%
.....***.**...*.**..          0.14    0.07%
..***...*..**..*..**          0.14    0.07%
.......***..****....          0.14    0.07%
........*..**..*....          0.14    0.07%
.....***.**..**.****          0.14    0.07%
........*.**........          0.14    0.07%
........*.***...*...          0.14    0.07%
..*******.***...*...          0.14    0.07%
..******........*...          0.14    0.07%
........*******..*..          0.14    0.07%
..........**........          0.14    0.07%
..........**...*.***          0.14    0.07%
........****.***.***          0.14    0.07%
......*..*..........          0.14    0.07%
.....*.***.**.***.**          0.12    0.06%
.....*..*.*..*..**..          0.11    0.06%
.....*.********.**..          0.11    0.06%
.....**.*.*..*.*****          0.11    0.06%
...........*..*...**          0.11    0.06%
.......*.*.*****..*.          0.10    0.05%
.......*.*.******.*.          0.10    0.05%
.....**.*.*....***..          0.10    0.05%
.....**.*.*....****.          0.10    0.05%
.......*..........**          0.08    0.04%
.......*************          0.08    0.04%
.......*.....*...*..          0.08    0.04%
......**..*..*..**..          0.08    0.04%

Consensus tree(s) written to treefile: ~/EEOB563/eeob563/bootMajRule.tre

paup> log stop; quit
